<?xml version="1.0" encoding="UTF-8" standalone="no"?>
<testsuite errors="0" failures="1" name="io.cucumber.core.plugin.JUnitFormatter" skipped="0" tests="1" time="56.423">
    <testcase classname="connecting with peoples" name="SignIn to Facebook" time="55.115">
        <failure message="expected:&lt;...tered is incorrect. [Forgotten password?]&gt; but was:&lt;...tered is incorrect. []&gt;" type="org.junit.ComparisonFailure"><![CDATA[Given user can enter in the facebook homepage...............................passed
When User can enter the valid username and password in given field..........passed
And User can Click the loginbutton..........................................passed
Then User can successfully login............................................failed

StackTrace:
org.junit.ComparisonFailure: expected:<...tered is incorrect. [Forgotten password?]> but was:<...tered is incorrect. []>
	at org.junit.Assert.assertEquals(Assert.java:117)
	at org.junit.Assert.assertEquals(Assert.java:146)
	at com.stepdefinition.StepDefinition.user_can_successfully_login(StepDefinition.java:39)
	at ✽.User can successfully login(file:///E:/Project/3PMCucumber/src/test/java/com/feature/login.feature:9)
]]></failure>
    </testcase>
</testsuite>
