<?xml version="1.0" encoding="UTF-8"?>
<testng-results ignored="0" total="1" passed="1" failed="0" skipped="0">
  <reporter-output>
  </reporter-output>
  <suite started-at="2023-02-10T10:11:59Z" name="Default suite" finished-at="2023-02-10T10:12:12Z" duration-ms="12842">
    <groups>
    </groups>
    <test started-at="2023-02-10T10:11:59Z" name="Default test" finished-at="2023-02-10T10:12:12Z" duration-ms="12842">
      <class name="com.runner.TestRunner">
        <test-method signature="chromeTest()[pri:0, instance:com.runner.TestRunner@768fc0f2]" started-at="2023-02-10T10:11:59Z" name="chromeTest" finished-at="2023-02-10T10:12:12Z" duration-ms="12781" status="PASS">
          <reporter-output>
          </reporter-output>
        </test-method> <!-- chromeTest -->
      </class> <!-- com.runner.TestRunner -->
    </test> <!-- Default test -->
  </suite> <!-- Default suite -->
</testng-results>
